<?xml version="1.0" encoding="UTF-8"?>
<!-- Generated by org.testng.reporters.JUnitReportReporter -->
<testsuite hostname="SABARI" failures="0" tests="3" name="testNG.Day3DependsOn" time="0.016" errors="0" timestamp="2022-07-21T22:03:52 CST" skipped="0">
  <testcase classname="testNG.Day3DependsOn" name="HigherSchool" time="0.001"/>
  <system-out/>
  <testcase classname="testNG.Day3DependsOn" name="College" time="0.001"/>
  <system-out/>
  <testcase classname="testNG.Day3DependsOn" name="HighSchool" time="0.014"/>
  <system-out/>
</testsuite> <!-- testNG.Day3DependsOn -->
