<?xml version="1.0" encoding="UTF-8"?>
<!-- Generated by org.testng.reporters.JUnitReportReporter -->
<testsuite hostname="SABARI" failures="0" tests="3" name="testNG.Day4SearchEngine" time="6.431" errors="0" timestamp="2022-07-21T20:51:31 CST" skipped="0">
  <testcase classname="testNG.Day4SearchEngine" name="TestCase3" time="2.402"/>
  <system-out/>
  <testcase classname="testNG.Day4SearchEngine" name="TestCase1" time="0.695"/>
  <system-out/>
  <testcase classname="testNG.Day4SearchEngine" name="TestCase2" time="3.334"/>
  <system-out/>
</testsuite> <!-- testNG.Day4SearchEngine -->
