<?xml version="1.0" encoding="UTF-8"?>
<!-- Generated by org.testng.reporters.JUnitReportReporter -->
<testsuite hostname="SABARI" failures="0" tests="5" name="advance.Day1SampleEample" time="0.014" errors="0" timestamp="2022-07-16T20:03:18 CST" skipped="0">
  <testcase classname="advance.Day1SampleEample" name="FirstTestCase" time="0.010"/>
  <system-out/>
  <testcase classname="advance.Day1SampleEample" name="SecondTestCase" time="0.001"/>
  <system-out/>
  <testcase classname="advance.Day1SampleEample" name="ThirdTestCase" time="0.001"/>
  <system-out/>
  <testcase classname="advance.Day1SampleEample" name="FourthTestCase" time="0.001"/>
  <system-out/>
  <testcase classname="advance.Day1SampleEample" name="FivthTestCase" time="0.001"/>
  <system-out/>
</testsuite> <!-- advance.Day1SampleEample -->
