<?xml version="1.0" encoding="UTF-8"?>
<!-- Generated by org.testng.reporters.JUnitReportReporter -->
<testsuite hostname="SABARI" failures="0" tests="1" name="testNG.AnnotaionsHierarchyExamples" time="0.011" errors="0" timestamp="2022-07-28T00:38:46 CST" skipped="0">
  <testcase classname="testNG.AnnotaionsHierarchyExamples" name="Test" time="0.011"/>
  <system-out/>
</testsuite> <!-- testNG.AnnotaionsHierarchyExamples -->
