<?xml version="1.0" encoding="UTF-8"?>
<!-- Generated by org.testng.reporters.JUnitReportReporter -->
<testsuite hostname="SABARI" failures="0" tests="6" name="testNG.Day2SkipTestCase" time="0.018" errors="0" timestamp="2022-07-21T19:23:59 CST" skipped="0">
  <testcase classname="testNG.Day2SkipTestCase" name="FirstTestCase" time="0.012"/>
  <system-out/>
  <testcase classname="testNG.Day2SkipTestCase" name="SecondTestCase" time="0.001"/>
  <system-out/>
  <testcase classname="testNG.Day2SkipTestCase" name="ThirdTestCase" time="0.001"/>
  <system-out/>
  <testcase classname="testNG.Day2SkipTestCase" name="FourthTestCase" time="0.001"/>
  <system-out/>
  <testcase classname="testNG.Day2SkipTestCase" name="FivthTestCase" time="0.002"/>
  <system-out/>
  <testcase classname="testNG.Day2SkipTestCase" name="TurnOnMusic" time="0.001"/>
  <system-out/>
</testsuite> <!-- testNG.Day2SkipTestCase -->
