<?xml version="1.0" encoding="UTF-8"?>
<!-- Generated by org.testng.reporters.JUnitReportReporter -->
<testsuite hostname="SABARI" failures="0" tests="4" name="testNG.Day5Groups" time="0.012" errors="0" timestamp="2022-07-25T15:54:50 CST" skipped="0">
  <testcase classname="testNG.Day5Groups" name="Oppo" time="0.001"/>
  <system-out/>
  <testcase classname="testNG.Day5Groups" name="Redmi" time="0.001"/>
  <system-out/>
  <testcase classname="testNG.Day5Groups" name="Samsung" time="0.002"/>
  <system-out/>
  <testcase classname="testNG.Day5Groups" name="Apple" time="0.008"/>
  <system-out/>
</testsuite> <!-- testNG.Day5Groups -->
