<?xml version="1.0" encoding="UTF-8"?>
<!-- Generated by org.testng.reporters.JUnitReportReporter -->
<testsuite hostname="SABARI" failures="0" tests="5" name="testNG.Day1sample" time="0.007" errors="0" timestamp="2022-07-21T22:03:52 CST" skipped="0">
  <testcase classname="testNG.Day1sample" name="FirstTestCase" time="0.001"/>
  <system-out/>
  <testcase classname="testNG.Day1sample" name="SecondTestCase" time="0.002"/>
  <system-out/>
  <testcase classname="testNG.Day1sample" name="ThirdTestCase" time="0.002"/>
  <system-out/>
  <testcase classname="testNG.Day1sample" name="FourthTestCase" time="0.001"/>
  <system-out/>
  <testcase classname="testNG.Day1sample" name="FivthTestCase" time="0.001"/>
  <system-out/>
</testsuite> <!-- testNG.Day1sample -->
