<?xml version="1.0" encoding="UTF-8"?>
<!-- Generated by org.testng.reporters.JUnitReportReporter -->
<testsuite hostname="SABARI" failures="0" tests="1" name="testNG.Day6Parameterization" time="0.013" errors="0" timestamp="2022-07-28T22:33:12 CST" skipped="0">
  <testcase classname="testNG.Day6Parameterization" name="Parameter" time="0.013"/>
  <system-out/>
</testsuite> <!-- testNG.Day6Parameterization -->
